<?xml version="1.0" encoding="utf-8"?><testsuites name="pytest tests"><testsuite name="pytest" errors="0" failures="0" skipped="0" tests="13" time="7.316" timestamp="2026-08-25T11:59:41.710245+00:00" hostname="agent-env-8d39cc1e-f8a8-462c-88ae-1cdfc560e0d3"><testcase classname="backend.tests.test_asaas_gateway.TestIntegrationsSchema" name="test_put_persists_asaas_and_gateway_keys" time="0.841" /><testcase classname="backend.tests.test_asaas_gateway.TestAsaasStatus" name="test_status_disabled_when_no_token" time="0.297" /><testcase classname="backend.tests.test_asaas_gateway.TestAsaasStatus" name="test_status_enabled_with_token" time="0.298" /><testcase classname="backend.tests.test_asaas_gateway.TestAsaasStatus" name="test_status_requires_admin" time="0.220" /><testcase classname="backend.tests.test_asaas_gateway.TestOrderGatewayBranch" name="test_asaas_gateway_without_token_returns_payment_error" time="0.758" /><testcase classname="backend.tests.test_asaas_gateway.TestOrderGatewayBranch" name="test_pagbank_gateway_regression" time="1.112" /><testcase classname="backend.tests.test_asaas_gateway.TestWebhookAuth" name="test_missing_header_returns_401" time="0.382" /><testcase classname="backend.tests.test_asaas_gateway.TestWebhookAuth" name="test_wrong_header_returns_401" time="0.361" /><testcase classname="backend.tests.test_asaas_gateway.TestWebhookAuth" name="test_no_configured_token_returns_401" time="0.349" /><testcase classname="backend.tests.test_asaas_gateway.TestWebhookProcessing" name="test_payment_received_marks_order_paid" time="0.978" /><testcase classname="backend.tests.test_asaas_gateway.TestWebhookProcessing" name="test_webhook_idempotency" time="1.008" /><testcase classname="backend.tests.test_asaas_gateway.TestRegisterWebhookAdmin" name="test_400_when_token_missing" time="0.316" /><testcase classname="backend.tests.test_asaas_gateway.TestRegisterWebhookAdmin" name="test_400_when_webhook_token_missing" time="0.308" /></testsuite></testsuites>