<?xml version="1.0" encoding="utf-8"?><testsuites name="pytest tests"><testsuite name="pytest" errors="0" failures="0" skipped="0" tests="7" time="9.712" timestamp="2026-07-28T19:08:11.498090+00:00" hostname="agent-env-8d39cc1e-f8a8-462c-88ae-1cdfc560e0d3"><testcase classname="backend.tests.test_coupon_per_user_limit.TestPerUserLimit" name="test_create_and_persist_max_uses_per_user" time="0.681" /><testcase classname="backend.tests.test_coupon_per_user_limit.TestPerUserLimit" name="test_update_max_uses_per_user_persists" time="0.226" /><testcase classname="backend.tests.test_coupon_per_user_limit.TestPerUserLimit" name="test_validate_endpoint_enforces_per_user_limit" time="1.519" /><testcase classname="backend.tests.test_coupon_per_user_limit.TestPerUserLimit" name="test_order_creation_enforces_per_user_limit" time="2.495" /><testcase classname="backend.tests.test_coupon_per_user_limit.TestPerUserLimit" name="test_different_emails_do_not_share_counter" time="1.753" /><testcase classname="backend.tests.test_coupon_per_user_limit.TestPerUserLimit" name="test_null_max_uses_per_user_is_unlimited" time="1.868" /><testcase classname="backend.tests.test_coupon_per_user_limit.TestPerUserLimit" name="test_max_uses_total_still_enforced_independently" time="1.109" /></testsuite></testsuites>