<?xml version="1.0" encoding="utf-8"?><testsuites name="pytest tests"><testsuite name="pytest" errors="0" failures="0" skipped="0" tests="9" time="9.768" timestamp="2026-07-28T18:27:33.169532+00:00" hostname="agent-env-8d39cc1e-f8a8-462c-88ae-1cdfc560e0d3"><testcase classname="backend.tests.test_coupon_restriction.TestCouponRestriction" name="test_create_restricted_coupon_and_list_enriches" time="0.986" /><testcase classname="backend.tests.test_coupon_restriction.TestCouponRestriction" name="test_open_coupon_list_has_empty_allowed_users" time="0.187" /><testcase classname="backend.tests.test_coupon_restriction.TestCouponRestriction" name="test_validate_restricted_missing_email" time="0.320" /><testcase classname="backend.tests.test_coupon_restriction.TestCouponRestriction" name="test_validate_restricted_wrong_email" time="0.263" /><testcase classname="backend.tests.test_coupon_restriction.TestCouponRestriction" name="test_validate_restricted_correct_email_case_insensitive" time="0.267" /><testcase classname="backend.tests.test_coupon_restriction.TestCouponRestriction" name="test_validate_open_coupon_no_email_required" time="0.239" /><testcase classname="backend.tests.test_coupon_restriction.TestCouponRestriction" name="test_order_creation_blocked_for_non_allowed_email" time="0.578" /><testcase classname="backend.tests.test_coupon_restriction.TestCouponRestriction" name="test_order_creation_allowed_for_matching_email_applies_discount" time="6.476" /><testcase classname="backend.tests.test_coupon_restriction.TestCouponRestriction" name="test_update_coupon_repopulates_allowed_users" time="0.390" /></testsuite></testsuites>