<?xml version="1.0" encoding="utf-8"?><testsuites name="pytest tests"><testsuite name="pytest" errors="0" failures="0" skipped="0" tests="5" time="4.861" timestamp="2026-07-28T12:04:56.827748+00:00" hostname="agent-env-8d39cc1e-f8a8-462c-88ae-1cdfc560e0d3"><testcase classname="backend.tests.test_delete_order.TestDeleteOrderBootstrap" name="test_login_and_ctx" time="0.521" /><testcase classname="backend.tests.test_delete_order.TestDeleteOrder" name="test_delete_rbac_no_auth" time="0.144" /><testcase classname="backend.tests.test_delete_order.TestDeleteOrder" name="test_delete_non_existent_404" time="0.124" /><testcase classname="backend.tests.test_delete_order.TestDeleteOrder" name="test_delete_removes_order_and_credentials" time="1.177" /><testcase classname="backend.tests.test_delete_order.TestDeleteOrder" name="test_delete_non_admin_rejected" time="2.829" /></testsuite></testsuites>