<?xml version="1.0" encoding="utf-8"?><testsuites name="pytest tests"><testsuite name="pytest" errors="0" failures="0" skipped="0" tests="5" time="2.639" timestamp="2026-07-28T16:48:05.505925+00:00" hostname="agent-env-8d39cc1e-f8a8-462c-88ae-1cdfc560e0d3"><testcase classname="tests.test_leader_and_stats" name="test_admin_stats_has_tickets_fields" time="0.675" /><testcase classname="tests.test_leader_and_stats" name="test_non_leader_gets_404" time="0.126" /><testcase classname="tests.test_leader_and_stats" name="test_me_leader_empty_state" time="0.997" /><testcase classname="tests.test_leader_and_stats" name="test_me_leader_buyers_populated" time="0.147" /><testcase classname="tests.test_leader_and_stats" name="test_me_leader_courtesy_when_goal_reached" time="0.524" /></testsuite></testsuites>