<?xml version="1.0" encoding="utf-8"?><testsuites name="pytest tests"><testsuite name="pytest" errors="0" failures="0" skipped="0" tests="41" time="8.290" timestamp="2026-06-03T14:39:14.933700+00:00" hostname="agent-env-8d39cc1e-f8a8-462c-88ae-1cdfc560e0d3"><testcase classname="backend.tests.backend_test.TestPublic" name="test_health" time="0.136" /><testcase classname="backend.tests.backend_test.TestPublic" name="test_public_config" time="0.101" /><testcase classname="backend.tests.backend_test.TestAuth" name="test_admin_login" time="0.339" /><testcase classname="backend.tests.backend_test.TestAuth" name="test_login_bad_password" time="0.340" /><testcase classname="backend.tests.backend_test.TestAuth" name="test_me_with_bearer" time="0.133" /><testcase classname="backend.tests.backend_test.TestAuth" name="test_me_without_token" time="0.122" /><testcase classname="backend.tests.backend_test.TestAuth" name="test_register_new_participant" time="0.349" /><testcase classname="backend.tests.backend_test.TestAuth" name="test_register_duplicate" time="0.128" /><testcase classname="backend.tests.backend_test.TestAdminAppearanceAndEvent" name="test_get_appearance" time="0.111" /><testcase classname="backend.tests.backend_test.TestAdminAppearanceAndEvent" name="test_update_appearance" time="0.225" /><testcase classname="backend.tests.backend_test.TestAdminAppearanceAndEvent" name="test_get_event" time="0.115" /><testcase classname="backend.tests.backend_test.TestAdminAppearanceAndEvent" name="test_update_event" time="0.525" /><testcase classname="backend.tests.backend_test.TestAdminTickets" name="test_create_ticket" time="0.121" /><testcase classname="backend.tests.backend_test.TestAdminTickets" name="test_list_tickets" time="0.145" /><testcase classname="backend.tests.backend_test.TestAdminTickets" name="test_update_ticket_price" time="0.235" /><testcase classname="backend.tests.backend_test.TestAdminTickets" name="test_delete_ticket" time="0.228" /><testcase classname="backend.tests.backend_test.TestAdminUsers" name="test_create_credenciadora" time="0.348" /><testcase classname="backend.tests.backend_test.TestAdminUsers" name="test_list_users" time="0.110" /><testcase classname="backend.tests.backend_test.TestAdminUsers" name="test_update_user_role" time="0.367" /><testcase classname="backend.tests.backend_test.TestAdminUsers" name="test_delete_self_blocked" time="0.108" /><testcase classname="backend.tests.backend_test.TestAdminUsers" name="test_login_credenciadora" time="0.382" /><testcase classname="backend.tests.backend_test.TestAdminIntegrations" name="test_put_integrations" time="0.116" /><testcase classname="backend.tests.backend_test.TestAdminIntegrations" name="test_test_pagbank_graceful" time="0.109" /><testcase classname="backend.tests.backend_test.TestAdminIntegrations" name="test_test_resend_empty_key" time="0.118" /><testcase classname="backend.tests.backend_test.TestAdminStats" name="test_stats" time="0.175" /><testcase classname="backend.tests.backend_test.TestOrders" name="test_create_order_guest_missing_holder" time="0.113" /><testcase classname="backend.tests.backend_test.TestOrders" name="test_create_order_guest_ok" time="0.132" /><testcase classname="backend.tests.backend_test.TestOrders" name="test_create_order_has_companion_missing" time="0.111" /><testcase classname="backend.tests.backend_test.TestOrders" name="test_create_order_with_companion" time="0.122" /><testcase classname="backend.tests.backend_test.TestOrders" name="test_simulate_pay_generates_credentials" time="0.300" /><testcase classname="backend.tests.backend_test.TestOrders" name="test_get_order_after_pay" time="0.126" /><testcase classname="backend.tests.backend_test.TestOrders" name="test_retry_returns_502_when_pagbank_unconfigured" time="0.229" /><testcase classname="backend.tests.backend_test.TestScanner" name="test_scanner_requires_credenciadora_role" time="0.118" /><testcase classname="backend.tests.backend_test.TestScanner" name="test_scanner_invalid_code" time="0.128" /><testcase classname="backend.tests.backend_test.TestScanner" name="test_scanner_valid_then_already" time="0.265" /><testcase classname="backend.tests.backend_test.TestScanner" name="test_scanner_recent_checkins" time="0.122" /><testcase classname="backend.tests.backend_test.TestCredentials" name="test_me_credentials_returns_qr" time="0.108" /><testcase classname="backend.tests.backend_test.TestCredentials" name="test_public_credential_lookup" time="0.116" /><testcase classname="backend.tests.backend_test.TestCredentials" name="test_public_credential_not_found" time="0.147" /><testcase classname="backend.tests.backend_test.TestRBAC" name="test_non_admin_cannot_access_admin" time="0.104" /><testcase classname="backend.tests.backend_test.TestRBAC" name="test_admin_can_access_admin" time="0.740" /></testsuite></testsuites>