<?xml version="1.0" encoding="utf-8"?><testsuites name="pytest tests"><testsuite name="pytest" errors="0" failures="9" skipped="0" tests="41" time="7.391" timestamp="2026-06-03T15:39:52.856445+00:00" hostname="agent-env-8d39cc1e-f8a8-462c-88ae-1cdfc560e0d3"><testcase classname="backend.tests.backend_test.TestPublic" name="test_health" time="0.141" /><testcase classname="backend.tests.backend_test.TestPublic" name="test_public_config" time="0.145"><failure message="KeyError: 'price'">E   KeyError: 'price'</failure></testcase><testcase classname="backend.tests.backend_test.TestAuth" name="test_admin_login" time="0.348" /><testcase classname="backend.tests.backend_test.TestAuth" name="test_login_bad_password" time="0.343" /><testcase classname="backend.tests.backend_test.TestAuth" name="test_me_with_bearer" time="0.113" /><testcase classname="backend.tests.backend_test.TestAuth" name="test_me_without_token" time="0.126" /><testcase classname="backend.tests.backend_test.TestAuth" name="test_register_new_participant" time="0.341" /><testcase classname="backend.tests.backend_test.TestAuth" name="test_register_duplicate" time="0.095" /><testcase classname="backend.tests.backend_test.TestAdminAppearanceAndEvent" name="test_get_appearance" time="0.107" /><testcase classname="backend.tests.backend_test.TestAdminAppearanceAndEvent" name="test_update_appearance" time="0.237" /><testcase classname="backend.tests.backend_test.TestAdminAppearanceAndEvent" name="test_get_event" time="0.123" /><testcase classname="backend.tests.backend_test.TestAdminAppearanceAndEvent" name="test_update_event" time="0.474" /><testcase classname="backend.tests.backend_test.TestAdminTickets" name="test_create_ticket" time="0.105"><failure message="KeyError: 'price'">E   KeyError: 'price'</failure></testcase><testcase classname="backend.tests.backend_test.TestAdminTickets" name="test_list_tickets" time="0.120"><failure message="KeyError: 'test_ticket_id'">E   KeyError: 'test_ticket_id'</failure></testcase><testcase classname="backend.tests.backend_test.TestAdminTickets" name="test_update_ticket_price" time="0.002"><failure message="KeyError: 'test_ticket_id'">E   KeyError: 'test_ticket_id'</failure></testcase><testcase classname="backend.tests.backend_test.TestAdminTickets" name="test_delete_ticket" time="0.000"><failure message="KeyError: 'test_ticket_id'">E   KeyError: 'test_ticket_id'</failure></testcase><testcase classname="backend.tests.backend_test.TestAdminUsers" name="test_create_credenciadora" time="0.337" /><testcase classname="backend.tests.backend_test.TestAdminUsers" name="test_list_users" time="0.129" /><testcase classname="backend.tests.backend_test.TestAdminUsers" name="test_update_user_role" time="0.366" /><testcase classname="backend.tests.backend_test.TestAdminUsers" name="test_delete_self_blocked" time="0.111" /><testcase classname="backend.tests.backend_test.TestAdminUsers" name="test_login_credenciadora" time="0.344" /><testcase classname="backend.tests.backend_test.TestAdminIntegrations" name="test_put_integrations" time="0.111" /><testcase classname="backend.tests.backend_test.TestAdminIntegrations" name="test_test_pagbank_graceful" time="0.146" /><testcase classname="backend.tests.backend_test.TestAdminIntegrations" name="test_test_resend_empty_key" time="0.137" /><testcase classname="backend.tests.backend_test.TestAdminStats" name="test_stats" time="0.122" /><testcase classname="backend.tests.backend_test.TestOrders" name="test_create_order_guest_missing_holder" time="0.116" /><testcase classname="backend.tests.backend_test.TestOrders" name="test_create_order_guest_ok" time="0.137" /><testcase classname="backend.tests.backend_test.TestOrders" name="test_create_order_has_companion_missing" time="0.123" /><testcase classname="backend.tests.backend_test.TestOrders" name="test_create_order_with_companion" time="0.164" /><testcase classname="backend.tests.backend_test.TestOrders" name="test_simulate_pay_generates_credentials" time="0.253"><failure message="KeyError: 'credentials'">E   KeyError: 'credentials'</failure></testcase><testcase classname="backend.tests.backend_test.TestOrders" name="test_get_order_after_pay" time="0.107" /><testcase classname="backend.tests.backend_test.TestOrders" name="test_retry_returns_502_when_pagbank_unconfigured" time="0.228" /><testcase classname="backend.tests.backend_test.TestScanner" name="test_scanner_requires_credenciadora_role" time="0.099" /><testcase classname="backend.tests.backend_test.TestScanner" name="test_scanner_invalid_code" time="0.132" /><testcase classname="backend.tests.backend_test.TestScanner" name="test_scanner_valid_then_already" time="0.000"><failure message="KeyError: 'holder_cred_code'">E   KeyError: 'holder_cred_code'</failure></testcase><testcase classname="backend.tests.backend_test.TestScanner" name="test_scanner_recent_checkins" time="0.115"><failure message="KeyError: 'holder_cred_code'">E   KeyError: 'holder_cred_code'</failure></testcase><testcase classname="backend.tests.backend_test.TestCredentials" name="test_me_credentials_returns_qr" time="0.118" /><testcase classname="backend.tests.backend_test.TestCredentials" name="test_public_credential_lookup" time="0.000"><failure message="KeyError: 'companion_cred_code'">E   KeyError: 'companion_cred_code'</failure></testcase><testcase classname="backend.tests.backend_test.TestCredentials" name="test_public_credential_not_found" time="0.116" /><testcase classname="backend.tests.backend_test.TestRBAC" name="test_non_admin_cannot_access_admin" time="0.104" /><testcase classname="backend.tests.backend_test.TestRBAC" name="test_admin_can_access_admin" time="0.867" /></testsuite></testsuites>