<?xml version="1.0" encoding="utf-8"?><testsuites name="pytest tests"><testsuite name="pytest" errors="0" failures="0" skipped="0" tests="27" time="75.499" timestamp="2026-06-03T15:38:31.911100+00:00" hostname="agent-env-8d39cc1e-f8a8-462c-88ae-1cdfc560e0d3"><testcase classname="backend.tests.backend_test_v2.TestBootstrap" name="test_admin_login" time="0.384" /><testcase classname="backend.tests.backend_test_v2.TestBootstrap" name="test_public_config_lots" time="0.108" /><testcase classname="backend.tests.backend_test_v2.TestLots" name="test_create_list_update_delete" time="0.501" /><testcase classname="backend.tests.backend_test_v2.TestLots" name="test_lots_rbac" time="0.153" /><testcase classname="backend.tests.backend_test_v2.TestCoupons" name="test_create_duplicate_validate" time="0.508" /><testcase classname="backend.tests.backend_test_v2.TestCoupons" name="test_fixed_coupon_and_exhaust" time="0.126" /><testcase classname="backend.tests.backend_test_v2.TestCoupons" name="test_coupons_rbac" time="0.115" /><testcase classname="backend.tests.backend_test_v2.TestOrdersV2" name="test_order_requires_lot_picks_default" time="0.107" /><testcase classname="backend.tests.backend_test_v2.TestOrdersV2" name="test_order_with_percent_coupon_and_utm" time="0.114" /><testcase classname="backend.tests.backend_test_v2.TestOrdersV2" name="test_order_fixed_coupon" time="0.118" /><testcase classname="backend.tests.backend_test_v2.TestOrdersV2" name="test_lot_overselling_blocked" time="0.471" /><testcase classname="backend.tests.backend_test_v2.TestLeaders" name="test_create_leader_promotes_user_and_goal_flow" time="3.134" /><testcase classname="backend.tests.backend_test_v2.TestLeaders" name="test_leaders_rbac" time="0.106" /><testcase classname="backend.tests.backend_test_v2.TestOrdersAdminActions" name="test_change_status_resend_pdf_courtesy" time="0.617" /><testcase classname="backend.tests.backend_test_v2.TestOrdersAdminActions" name="test_manual_courtesy" time="0.242" /><testcase classname="backend.tests.backend_test_v2.TestOrdersAdminActions" name="test_admin_action_rbac" time="5.246" /><testcase classname="backend.tests.backend_test_v2.TestPasswordReset" name="test_forgot_and_reset_flow" time="60.173" /><testcase classname="backend.tests.backend_test_v2.TestEmails" name="test_seeded_templates_and_crud" time="0.493" /><testcase classname="backend.tests.backend_test_v2.TestEmails" name="test_logs_endpoint" time="0.125" /><testcase classname="backend.tests.backend_test_v2.TestEmails" name="test_send_custom_no_crash" time="0.115" /><testcase classname="backend.tests.backend_test_v2.TestEmails" name="test_emails_rbac" time="0.115" /><testcase classname="backend.tests.backend_test_v2.TestAnalytics" name="test_pageview_and_funnel" time="0.492" /><testcase classname="backend.tests.backend_test_v2.TestAnalytics" name="test_other_analytics" time="0.721" /><testcase classname="backend.tests.backend_test_v2.TestUploads" name="test_upload_get_list_delete" time="0.800" /><testcase classname="backend.tests.backend_test_v2.TestUploads" name="test_upload_rbac" time="0.116" /><testcase classname="backend.tests.backend_test_v2.TestBackwardCompat" name="test_me_with_token" time="0.114" /><testcase classname="backend.tests.backend_test_v2.TestBackwardCompat" name="test_admin_stats" time="0.116" /></testsuite></testsuites>